# JRE version: OpenJDK Runtime Environment (8.0_152-b01) (build 1.8.0_152-release-915-b01)
# Java VM: OpenJDK 64-Bit Server VM (25.152-b01 mixed mode linux-amd64 compressed oops)
Heap:
 PSYoungGen      total 245248K, used 30306K [0x00000000d5580000, 0x00000000f0d00000, 0x0000000100000000)
  eden space 228864K, 6% used [0x00000000d5580000,0x00000000d63f9a40,0x00000000e3500000)
  from space 16384K, 94% used [0x00000000e3500000,0x00000000e441ee50,0x00000000e4500000)
  to   space 18432K, 0% used [0x00000000efb00000,0x00000000efb00000,0x00000000f0d00000)
 ParOldGen       total 70656K, used 19427K [0x0000000080000000, 0x0000000084500000, 0x00000000d5580000)
  object space 70656K, 27% used [0x0000000080000000,0x00000000812f8e08,0x0000000084500000)
 Metaspace       used 47361K, capacity 48370K, committed 48728K, reserved 1091584K
  class space    used 6134K, capacity 6434K, committed 6528K, reserved 1048576K
GC Heap History (10 events):
Event: 3.677 GC heap before
{Heap before GC invocations=5 (full 1):
 PSYoungGen      total 132096K, used 5115K [0x00000000d5580000, 0x00000000ddb80000, 0x0000000100000000)
  eden space 126976K, 0% used [0x00000000d5580000,0x00000000d5580000,0x00000000dd180000)
  from space 5120K, 99% used [0x00000000dd680000,0x00000000ddb7eff0,0x00000000ddb80000)
  to   space 5120K, 0% used [0x00000000dd180000,0x00000000dd180000,0x00000000dd680000)
 ParOldGen       total 84992K, used 8918K [0x0000000080000000, 0x0000000085300000, 0x00000000d5580000)
  object space 84992K, 10% used [0x0000000080000000,0x00000000808b5b28,0x0000000085300000)
 Metaspace       used 20804K, capacity 21120K, committed 21248K, reserved 1067008K
  class space    used 2781K, capacity 2946K, committed 3072K, reserved 1048576K
Event: 3.757 GC heap after
Heap after GC invocations=5 (full 1):
 PSYoungGen      total 132096K, used 0K [0x00000000d5580000, 0x00000000ddb80000, 0x0000000100000000)
  eden space 126976K, 0% used [0x00000000d5580000,0x00000000d5580000,0x00000000dd180000)
  from space 5120K, 0% used [0x00000000dd680000,0x00000000dd680000,0x00000000ddb80000)
  to   space 5120K, 0% used [0x00000000dd180000,0x00000000dd180000,0x00000000dd680000)
 ParOldGen       total 52224K, used 8538K [0x0000000080000000, 0x0000000083300000, 0x00000000d5580000)
  object space 52224K, 16% used [0x0000000080000000,0x0000000080856ab8,0x0000000083300000)
 Metaspace       used 20804K, capacity 21120K, committed 21248K, reserved 1067008K
  class space    used 2781K, capacity 2946K, committed 3072K, reserved 1048576K
}
Event: 7.180 GC heap before
{Heap before GC invocations=6 (full 1):
 PSYoungGen      total 132096K, used 126976K [0x00000000d5580000, 0x00000000ddb80000, 0x0000000100000000)
  eden space 126976K, 100% used [0x00000000d5580000,0x00000000dd180000,0x00000000dd180000)
  from space 5120K, 0% used [0x00000000dd680000,0x00000000dd680000,0x00000000ddb80000)
  to   space 5120K, 0% used [0x00000000dd180000,0x00000000dd180000,0x00000000dd680000)
 ParOldGen       total 52224K, used 8538K [0x0000000080000000, 0x0000000083300000, 0x00000000d5580000)
  object space 52224K, 16% used [0x0000000080000000,0x0000000080856ab8,0x0000000083300000)
 Metaspace       used 29894K, capacity 30602K, committed 30848K, reserved 1075200K
  class space    used 3970K, capacity 4193K, committed 4224K, reserved 1048576K
Event: 7.196 GC heap after
Heap after GC invocations=6 (full 1):
 PSYoungGen      total 132096K, used 5116K [0x00000000d5580000, 0x00000000e5800000, 0x0000000100000000)
  eden space 126976K, 0% used [0x00000000d5580000,0x00000000d5580000,0x00000000dd180000)
  from space 5120K, 99% used [0x00000000dd180000,0x00000000dd67f0d0,0x00000000dd680000)
  to   space 15360K, 0% used [0x00000000e4900000,0x00000000e4900000,0x00000000e5800000)
 ParOldGen       total 52224K, used 15941K [0x0000000080000000, 0x0000000083300000, 0x00000000d5580000)
  object space 52224K, 30% used [0x0000000080000000,0x0000000080f91590,0x0000000083300000)
 Metaspace       used 29894K, capacity 30602K, committed 30848K, reserved 1075200K
  class space    used 3970K, capacity 4193K, committed 4224K, reserved 1048576K
}
Event: 10.035 GC heap before
{Heap before GC invocations=7 (full 1):
 PSYoungGen      total 132096K, used 63586K [0x00000000d5580000, 0x00000000e5800000, 0x0000000100000000)
  eden space 126976K, 46% used [0x00000000d5580000,0x00000000d8e99ab0,0x00000000dd180000)
  from space 5120K, 99% used [0x00000000dd180000,0x00000000dd67f0d0,0x00000000dd680000)
  to   space 15360K, 0% used [0x00000000e4900000,0x00000000e4900000,0x00000000e5800000)
 ParOldGen       total 52224K, used 15941K [0x0000000080000000, 0x0000000083300000, 0x00000000d5580000)
  object space 52224K, 30% used [0x0000000080000000,0x0000000080f91590,0x0000000083300000)
 Metaspace       used 34513K, capacity 35318K, committed 35416K, reserved 1079296K
  class space    used 4633K, capacity 4935K, committed 4992K, reserved 1048576K
Event: 10.050 GC heap after
Heap after GC invocations=7 (full 1):
 PSYoungGen      total 241152K, used 11657K [0x00000000d5580000, 0x00000000e5500000, 0x0000000100000000)
  eden space 228864K, 0% used [0x00000000d5580000,0x00000000d5580000,0x00000000e3500000)
  from space 12288K, 94% used [0x00000000e4900000,0x00000000e54627f0,0x00000000e5500000)
  to   space 16384K, 0% used [0x00000000e3500000,0x00000000e3500000,0x00000000e4500000)
 ParOldGen       total 52224K, used 15941K [0x0000000080000000, 0x0000000083300000, 0x00000000d5580000)
  object space 52224K, 30% used [0x0000000080000000,0x0000000080f91590,0x0000000083300000)
 Metaspace       used 34513K, capacity 35318K, committed 35416K, reserved 1079296K
  class space    used 4633K, capacity 4935K, committed 4992K, reserved 1048576K
}
Event: 10.051 GC heap before
{Heap before GC invocations=8 (full 2):
 PSYoungGen      total 241152K, used 11657K [0x00000000d5580000, 0x00000000e5500000, 0x0000000100000000)
  eden space 228864K, 0% used [0x00000000d5580000,0x00000000d5580000,0x00000000e3500000)
  from space 12288K, 94% used [0x00000000e4900000,0x00000000e54627f0,0x00000000e5500000)
  to   space 16384K, 0% used [0x00000000e3500000,0x00000000e3500000,0x00000000e4500000)
 ParOldGen       total 52224K, used 15941K [0x0000000080000000, 0x0000000083300000, 0x00000000d5580000)
  object space 52224K, 30% used [0x0000000080000000,0x0000000080f91590,0x0000000083300000)
 Metaspace       used 34513K, capacity 35318K, committed 35416K, reserved 1079296K
  class space    used 4633K, capacity 4935K, committed 4992K, reserved 1048576K
Event: 10.113 GC heap after
Heap after GC invocations=8 (full 2):
 PSYoungGen      total 241152K, used 0K [0x00000000d5580000, 0x00000000e5500000, 0x0000000100000000)
  eden space 228864K, 0% used [0x00000000d5580000,0x00000000d5580000,0x00000000e3500000)
  from space 12288K, 0% used [0x00000000e4900000,0x00000000e4900000,0x00000000e5500000)
  to   space 16384K, 0% used [0x00000000e3500000,0x00000000e3500000,0x00000000e4500000)
 ParOldGen       total 70656K, used 19347K [0x0000000080000000, 0x0000000084500000, 0x00000000d5580000)
  object space 70656K, 27% used [0x0000000080000000,0x00000000812e4df8,0x0000000084500000)
 Metaspace       used 34462K, capacity 35186K, committed 35416K, reserved 1079296K
  class space    used 4619K, capacity 4891K, committed 4992K, reserved 1048576K
}
Event: 22.552 GC heap before
{Heap before GC invocations=9 (full 2):
 PSYoungGen      total 241152K, used 228864K [0x00000000d5580000, 0x00000000e5500000, 0x0000000100000000)
  eden space 228864K, 100% used [0x00000000d5580000,0x00000000e3500000,0x00000000e3500000)
  from space 12288K, 0% used [0x00000000e4900000,0x00000000e4900000,0x00000000e5500000)
  to   space 16384K, 0% used [0x00000000e3500000,0x00000000e3500000,0x00000000e4500000)
 ParOldGen       total 70656K, used 19347K [0x0000000080000000, 0x0000000084500000, 0x00000000d5580000)
  object space 70656K, 27% used [0x0000000080000000,0x00000000812e4df8,0x0000000084500000)
 Metaspace       used 47021K, capacity 47970K, committed 48344K, reserved 1091584K
  class space    used 6084K, capacity 6382K, committed 6400K, reserved 1048576K
Event: 22.576 GC heap after
Heap after GC invocations=9 (full 2):
 PSYoungGen      total 245248K, used 15483K [0x00000000d5580000, 0x00000000f0d00000, 0x0000000100000000)
  eden space 228864K, 0% used [0x00000000d5580000,0x00000000d5580000,0x00000000e3500000)
  from space 16384K, 94% used [0x00000000e3500000,0x00000000e441ee50,0x00000000e4500000)
  to   space 18432K, 0% used [0x00000000efb00000,0x00000000efb00000,0x00000000f0d00000)
 ParOldGen       total 70656K, used 19427K [0x0000000080000000, 0x0000000084500000, 0x00000000d5580000)
  object space 70656K, 27% used [0x0000000080000000,0x00000000812f8e08,0x0000000084500000)
 Metaspace       used 47021K, capacity 47970K, committed 48344K, reserved 1091584K
  class space    used 6084K, capacity 6382K, committed 6400K, reserved 1048576K
}

